{ "msg_showcmd", "sl:1", "tick:169", false, { { 0, ":" } } }
{ "cmdline_show", "sl:1", "tick:170", "mode:c", { { 0, "" } } }
{ "cmdline_show", "sl:1", "tick:173", "mode:c", { { 0, "c" } } }
{ "cmdline_show", "sl:1", "tick:175", "mode:c", { { 0, "co" } } }
{ "cmdline_show", "sl:1", "tick:177", "mode:c", { { 0, "c" } } }
{ "cmdline_show", "sl:1", "tick:179", "mode:c", { { 0, "" } } }
{ "cmdline_show", "sl:1", "tick:181", "mode:c", { { 0, "n" } } }
{ "cmdline_show", "sl:1", "tick:183", "mode:c", { { 0, "no" } } }
{ "cmdline_show", "sl:1", "tick:185", "mode:c", { { 0, "noc" } } }
{ "cmdline_show", "sl:1", "tick:187", "mode:c", { { 0, "noce" } } }
{ "cmdline_show", "sl:1", "tick:189", "mode:c", { { 0, "noc" } } }
{ "cmdline_show", "sl:1", "tick:191", "mode:c", { { 0, "no" } } }
{ "cmdline_show", "sl:1", "tick:193", "mode:c", { { 0, "noi" } } }
{ "cmdline_show", "sl:1", "tick:195", "mode:c", { { 0, "NoiceDebug" } } }
{ "cmdline_show", "sl:1", "tick:197", "mode:c", { { 0, "Noice" } } }
{ "cmdline_hide", "sl:1", "tick:199", false, 1 }
{ "msg_showcmd", "sl:1", "tick:200", false, { { 0, "j" } } }
{ "msg_showcmd", "sl:1", "tick:202", false, { { 0, "j" } } }
{ "msg_showcmd", "sl:1", "tick:204", false, { { 0, "j" } } }
{ "msg_showcmd", "sl:1", "tick:206", false, { { 0, "j" } } }
{ "msg_showcmd", "sl:1", "tick:208", false, { { 0, "k" } } }
{ "msg_showcmd", "sl:1", "tick:210", false, { { 0, "k" } } }
{ "msg_showcmd", "sl:1", "tick:212", false, { { 0, "k" } } }
{ "msg_showcmd", "sl:1", "tick:214", false, { { 0, "j" } } }
{ "msg_showcmd", "sl:1", "tick:216", false, { { 0, "j" } } }
{ "msg_showcmd", "sl:1", "tick:218", false, { { 0, "k" } } }
{ "msg_showcmd", "sl:1", "tick:220", false, { { 0, "k" } } }
{ "msg_showcmd", "sl:1", "tick:222", false, { { 0, "^Wk" } } }
{ "msg_showcmd", "sl:1", "tick:224", false, { { 0, "k" } } }
{ "msg_showcmd", "sl:1", "tick:226", false, { { 0, "k" } } }
{ "msg_showcmd", "sl:1", "tick:228", false, { { 0, "k" } } }
{ "msg_showcmd", "sl:1", "tick:230", false, { { 0, "k" } } }
{ "msg_showcmd", "sl:1", "tick:232", false, { { 0, "k" } } }
{ "msg_showcmd", "sl:1", "tick:234", false, { { 0, "k" } } }
{ "msg_showcmd", "sl:1", "tick:236", false, { { 0, "k" } } }
{ "msg_showcmd", "sl:1", "tick:238", false, { { 0, "k" } } }
{ "msg_showcmd", "sl:1", "tick:240", false, { { 0, "k" } } }
{ "msg_showcmd", "sl:1", "tick:242", false, { { 0, "k" } } }
{ "msg_showcmd", "sl:1", "tick:244", false, { { 0, "k" } } }
{ "msg_showcmd", "sl:1", "tick:246", false, { { 0, "k" } } }
{ "msg_showcmd", "sl:1", "tick:248", false, { { 0, "k" } } }
{ "msg_showcmd", "sl:1", "tick:250", false, { { 0, "k" } } }
{ "msg_showcmd", "sl:1", "tick:252", false, { { 0, "k" } } }
{ "msg_showcmd", "sl:1", "tick:254", false, { { 0, "k" } } }
{ "msg_showcmd", "sl:1", "tick:256", false, { { 0, "k" } } }
{ "msg_showcmd", "sl:1", "tick:258", false, { { 0, "k" } } }
{ "msg_showcmd", "sl:1", "tick:260", false, { { 0, "k" } } }
{ "msg_showcmd", "sl:1", "tick:262", false, { { 0, "k" } } }
{ "msg_showcmd", "sl:1", "tick:264", false, { { 0, "k" } } }
{ "msg_showcmd", "sl:1", "tick:266", false, { { 0, "k" } } }
{ "msg_showcmd", "sl:1", "tick:268", false, { { 0, "k" } } }
{ "msg_showcmd", "sl:1", "tick:270", false, { { 0, "k" } } }
{ "msg_showcmd", "sl:1", "tick:272", false, { { 0, "k" } } }
{ "msg_showcmd", "sl:1", "tick:274", false, { { 0, "k" } } }
{ "msg_showcmd", "sl:1", "tick:276", false, { { 0, "k" } } }
{ "msg_showcmd", "sl:1", "tick:278", false, { { 0, "k" } } }
{ "msg_showcmd", "sl:1", "tick:280", false, { { 0, "k" } } }
{ "msg_showcmd", "sl:1", "tick:282", false, { { 0, "k" } } }
{ "msg_showcmd", "sl:1", "tick:284", false, { { 0, "k" } } }
{ "msg_showcmd", "sl:1", "tick:286", false, { { 0, "k" } } }
{ "msg_showcmd", "sl:1", "tick:288", false, { { 0, "k" } } }
{ "msg_showcmd", "sl:1", "tick:290", false, { { 0, "k" } } }
{ "msg_showcmd", "sl:1", "tick:292", false, { { 0, "k" } } }
{ "msg_showcmd", "sl:1", "tick:294", false, { { 0, "k" } } }
{ "msg_showcmd", "sl:1", "tick:296", false, { { 0, "k" } } }
{ "msg_showcmd", "sl:1", "tick:298", false, { { 0, "k" } } }
{ "msg_showcmd", "sl:1", "tick:300", false, { { 0, "k" } } }
{ "msg_showcmd", "sl:1", "tick:302", false, { { 0, "k" } } }
{ "msg_showcmd", "sl:1", "tick:304", false, { { 0, "k" } } }
{ "msg_showcmd", "sl:1", "tick:306", false, { { 0, "k" } } }
{ "msg_showcmd", "sl:1", "tick:308", false, { { 0, "k" } } }
{ "msg_showcmd", "sl:1", "tick:310", false, { { 0, "k" } } }
{ "msg_showcmd", "sl:1", "tick:312", false, { { 0, "k" } } }
{ "msg_showcmd", "sl:1", "tick:314", false, { { 0, "k" } } }
{ "msg_showcmd", "sl:1", "tick:316", false, { { 0, "k" } } }
{ "msg_showcmd", "sl:1", "tick:318", false, { { 0, "k" } } }
{ "msg_showcmd", "sl:1", "tick:320", false, { { 0, "k" } } }
{ "msg_showcmd", "sl:1", "tick:322", false, { { 0, "k" } } }
{ "msg_showcmd", "sl:1", "tick:324", false, { { 0, "k" } } }
{ "msg_showcmd", "sl:1", "tick:326", false, { { 0, "k" } } }
{ "msg_showcmd", "sl:1", "tick:328", false, { { 0, "k" } } }
{ "msg_showcmd", "sl:1", "tick:330", false, { { 0, "k" } } }
{ "msg_showcmd", "sl:1", "tick:332", false, { { 0, "k" } } }
{ "msg_showcmd", "sl:1", "tick:334", false, { { 0, "k" } } }
{ "msg_showcmd", "sl:1", "tick:336", false, { { 0, "k" } } }
{ "msg_showcmd", "sl:1", "tick:338", false, { { 0, "j" } } }
{ "msg_showcmd", "sl:1", "tick:340", false, { { 0, "j" } } }
{ "msg_showcmd", "sl:1", "tick:342", false, { { 0, "j" } } }
{ "msg_showcmd", "sl:1", "tick:344", false, { { 0, "j" } } }
{ "msg_showcmd", "sl:1", "tick:346", false, { { 0, "j" } } }
{ "msg_showcmd", "sl:1", "tick:348", false, { { 0, "j" } } }
{ "msg_showcmd", "sl:1", "tick:350", false, { { 0, "j" } } }
{ "msg_showcmd", "sl:1", "tick:352", false, { { 0, "j" } } }
{ "msg_showcmd", "sl:1", "tick:354", false, { { 0, "j" } } }
{ "msg_showcmd", "sl:1", "tick:356", false, { { 0, "j" } } }
{ "msg_showcmd", "sl:1", "tick:358", false, { { 0, "j" } } }
{ "msg_showcmd", "sl:1", "tick:360", false, { { 0, "k" } } }
{ "msg_showcmd", "sl:1", "tick:362", false, { { 0, "k" } } }
{ "msg_showcmd", "sl:1", "tick:364", false, { { 0, "k" } } }
{ "msg_showcmd", "sl:1", "tick:366", false, { { 0, "k" } } }
{ "msg_showcmd", "sl:1", "tick:368", false, { { 0, "j" } } }
{ "msg_showcmd", "sl:1", "tick:370", false, { { 0, "j" } } }
{ "msg_showcmd", "sl:1", "tick:372", false, { { 0, "j" } } }
{ "msg_showcmd", "sl:1", "tick:374", false, { { 0, "j" } } }
{ "msg_showcmd", "sl:1", "tick:376", false, { { 0, "j" } } }
{ "msg_showcmd", "sl:1", "tick:378", false, { { 0, "k" } } }
{ "msg_showcmd", "sl:1", "tick:380", false, { { 0, "k" } } }
{ "msg_showcmd", "sl:1", "tick:382", false, { { 0, "k" } } }
{ "msg_showcmd", "sl:1", "tick:384", false, { { 0, "k" } } }
{ "msg_showcmd", "sl:1", "tick:386", false, { { 0, "k" } } }
{ "msg_showcmd", "sl:1", "tick:388", false, { { 0, "k" } } }
{ "msg_showcmd", "sl:1", "tick:390", false, { { 0, "k" } } }
{ "msg_showcmd", "sl:1", "tick:392", false, { { 0, "k" } } }
{ "msg_showcmd", "sl:1", "tick:394", false, { { 0, "k" } } }
{ "msg_showcmd", "sl:1", "tick:396", false, { { 0, "k" } } }
{ "msg_showcmd", "sl:1", "tick:398", false, { { 0, "k" } } }
{ "msg_showcmd", "sl:1", "tick:400", false, { { 0, "k" } } }
{ "msg_showcmd", "sl:1", "tick:402", false, { { 0, "k" } } }
{ "msg_showcmd", "sl:1", "tick:404", false, { { 0, "k" } } }
{ "msg_showcmd", "sl:1", "tick:406", false, { { 0, "k" } } }
{ "msg_showcmd", "sl:1", "tick:408", false, { { 0, "k" } } }
{ "msg_showcmd", "sl:1", "tick:410", false, { { 0, "k" } } }
{ "msg_showcmd", "sl:1", "tick:412", false, { { 0, "k" } } }
{ "msg_showcmd", "sl:1", "tick:414", false, { { 0, "k" } } }
{ "msg_showcmd", "sl:1", "tick:416", false, { { 0, "^Wl" } } }
{ "msg_showcmd", "sl:1", "tick:418", false, { { 0, "^Wh" } } }
{ "msg_showcmd", "sl:1", "tick:420", false, { { 0, "j" } } }
{ "msg_showcmd", "sl:1", "tick:422", false, { { 0, "j" } } }
{ "msg_showcmd", "sl:1", "tick:424", false, { { 0, "j" } } }
{ "msg_showcmd", "sl:1", "tick:426", false, { { 0, "j" } } }
{ "msg_showcmd", "sl:1", "tick:428", false, { { 0, "j" } } }
{ "msg_showcmd", "sl:1", "tick:430", false, { { 0, "j" } } }
{ "msg_showcmd", "sl:1", "tick:432", false, { { 0, "j" } } }
{ "msg_showcmd", "sl:1", "tick:434", false, { { 0, "j" } } }
{ "msg_showcmd", "sl:1", "tick:436", false, { { 0, "j" } } }
{ "msg_showcmd", "sl:1", "tick:438", false, { { 0, "j" } } }
{ "msg_showcmd", "sl:1", "tick:440", false, { { 0, "j" } } }
{ "msg_showcmd", "sl:1", "tick:442", false, { { 0, "j" } } }
{ "msg_showcmd", "sl:1", "tick:444", false, { { 0, "j" } } }
{ "msg_showcmd", "sl:1", "tick:446", false, { { 0, "j" } } }
{ "msg_showcmd", "sl:1", "tick:448", false, { { 0, "j" } } }
{ "msg_showcmd", "sl:1", "tick:450", false, { { 0, "j" } } }
{ "msg_showcmd", "sl:1", "tick:452", false, { { 0, "j" } } }
{ "msg_showcmd", "sl:1", "tick:454", false, { { 0, "j" } } }
{ "msg_showcmd", "sl:1", "tick:456", false, { { 0, "k" } } }
{ "msg_showcmd", "sl:1", "tick:458", false, { { 0, "k" } } }
{ "msg_showcmd", "sl:1", "tick:460", false, { { 0, "k" } } }
{ "msg_showcmd", "sl:1", "tick:462", false, { { 0, "<20>" } } }
{ "msg_showcmd", "sl:1", "tick:464", false, { { 0, "<20>" } } }
